<?xml version="1.0" encoding="UTF-8"?>
<testng-results ignored="0" total="1" passed="1" failed="0" skipped="0">
  <reporter-output>
  </reporter-output>
  <suite started-at="2023-05-02T19:52:12 IST" name="Suite" finished-at="2023-05-02T19:52:51 IST" duration-ms="38890">
    <groups>
    </groups>
    <test started-at="2023-05-02T19:52:12 IST" name="ContronTestNG" finished-at="2023-05-02T19:52:51 IST" duration-ms="38890">
      <class name="controller.ContronTestNG">
        <test-method signature="runTest()[pri:0, instance:controller.ContronTestNG@7e5afaa6]" started-at="2023-05-02T19:52:12 IST" name="runTest" finished-at="2023-05-02T19:52:51 IST" duration-ms="38823" status="PASS">
          <reporter-output>
          </reporter-output>
        </test-method> <!-- runTest -->
      </class> <!-- controller.ContronTestNG -->
    </test> <!-- ContronTestNG -->
  </suite> <!-- Suite -->
</testng-results>
